2025-07-15T22:02:53.770Z [INFO] Message Forwarder running on port 3000
2025-07-15T22:03:03.849Z [INFO] GET /
2025-07-15T22:03:04.836Z [INFO] GET /favicon.ico
2025-07-15T22:07:43.689Z [INFO] Message Forwarder running on port 3000
2025-07-15T22:08:17.823Z [INFO] GET /
2025-07-15T22:08:17.911Z [INFO] GET /app.js
2025-07-15T22:08:32.875Z [INFO] POST /api/sms
2025-07-15T22:08:33.830Z [ERROR] SMS forwarding error: Error: Invalid 'To' Phone Number: +198765XXXX
2025-07-15T22:09:29.145Z [INFO] Message Forwarder running on port 3000
2025-07-15T22:09:48.576Z [INFO] GET /
2025-07-15T22:09:48.648Z [INFO] GET /app.js
2025-07-15T22:09:54.932Z [INFO] POST /api/sms
2025-07-15T22:09:55.879Z [ERROR] SMS forwarding error: Error: 'To' and 'From' number cannot be the same: +91981899XXXX
2025-07-15T22:10:14.067Z [INFO] POST /api/sms
2025-07-15T22:10:14.923Z [ERROR] SMS forwarding error: Error: 'To' and 'From' number cannot be the same: +91981899XXXX
2025-07-15T22:10:19.741Z [INFO] Message Forwarder running on port 3000
2025-07-15T22:10:37.199Z [INFO] POST /api/sms
2025-07-15T22:10:37.761Z [ERROR] SMS forwarding error: Error: 'From' +919818990367 is not a Twilio phone number or Short Code country mismatch
2025-07-15T22:13:19.855Z [INFO] Message Forwarder running on port 3000
2025-07-15T22:13:38.381Z [INFO] GET /
2025-07-15T22:13:38.441Z [INFO] GET /app.js
2025-07-15T22:13:53.945Z [INFO] POST /api/sms
2025-07-15T22:14:44.699Z [INFO] Message Forwarder running on port 3000
2025-07-15T22:15:02.967Z [INFO] POST /api/sms
2025-07-15T22:15:03.459Z [ERROR] SMS forwarding error: Error: The number +91981097XXXX is unverified. Trial accounts cannot send messages to unverified numbers; verify +91981097XXXX at twilio.com/user/account/phone-numbers/verified, or purchase a Twilio number to send messages to unverified numbers
2025-07-15T22:16:13.538Z [INFO] POST /api/sms
2025-07-15T22:16:14.399Z [ERROR] SMS forwarding error: Error: The number +91981097XXXX is unverified. Trial accounts cannot send messages to unverified numbers; verify +91981097XXXX at twilio.com/user/account/phone-numbers/verified, or purchase a Twilio number to send messages to unverified numbers
2025-07-15T22:18:38.862Z [INFO] Message Forwarder running on port 3000
2025-07-15T22:18:47.300Z [INFO] POST /api/sms
